<?xml version="1.0" encoding="UTF-8"?>
<!-- Generated by org.testng.reporters.JUnitReportReporter -->
<testsuite hostname="LAPTOP-I2POTT3T" failures="0" tests="2" name="qaclickacademy.SeleniumTest" time="0.012" errors="0" timestamp="2019-09-19T22:19:33 PDT" skipped="0">
  <testcase classname="qaclickacademy.SeleniumTest" name="elementsUi" time="0.000"/>
  <testcase classname="qaclickacademy.SeleniumTest" name="BrowserAutomation" time="0.012"/>
</testsuite> <!-- qaclickacademy.SeleniumTest -->
