<?xml version="1.0" encoding="UTF-8"?>
<!-- Generated by org.testng.reporters.JUnitReportReporter -->
<testsuite hostname="LAPTOP-I2POTT3T" failures="0" tests="2" name="qaclickacademy.RESTAPITest" time="0.000" errors="0" timestamp="2019-09-19T22:19:33 PDT" skipped="0">
  <testcase classname="qaclickacademy.RESTAPITest" name="deleteTwitter" time="0.000"/>
  <testcase classname="qaclickacademy.RESTAPITest" name="postJira" time="0.000"/>
</testsuite> <!-- qaclickacademy.RESTAPITest -->
